<?xml version="1.0" encoding="UTF-8"?>
<!-- Generated by org.testng.reporters.JUnitReportReporter -->
<testsuite hostname="wangxun" name="projects.NP.testCases.ad" tests="1" failures="0" timestamp="20 Nov 2015 05:49:32 GMT" time="29.133" errors="0">
  <testcase name="login" time="29.133" classname="projects.NP.testCases.ad"/>
</testsuite> <!-- projects.NP.testCases.ad -->
