<?xml version="1.0" encoding="UTF-8"?>
<!-- Generated by org.testng.reporters.JUnitReportReporter -->
<testsuite hostname="spring-ma.achievo.com" name="projects.NP.testCases.ad" tests="1" failures="0" timestamp="23 Nov 2015 03:24:21 GMT" time="45.741" errors="0">
  <testcase name="login" time="45.741" classname="projects.NP.testCases.ad"/>
</testsuite> <!-- projects.NP.testCases.ad -->
